# JRE version: Java(TM) SE Runtime Environment (8.0_111-b14) (build 1.8.0_111-b14)
# Java VM: Java HotSpot(TM) 64-Bit Server VM (25.111-b14 mixed mode linux-amd64 compressed oops)
Heap:
 PSYoungGen      total 36864K, used 19556K [0x00000000d7000000, 0x00000000d9900000, 0x0000000100000000)
  eden space 31744K, 61% used [0x00000000d7000000,0x00000000d8319350,0x00000000d8f00000)
  from space 5120K, 0% used [0x00000000d8f00000,0x00000000d8f00000,0x00000000d9400000)
  to   space 5120K, 0% used [0x00000000d9400000,0x00000000d9400000,0x00000000d9900000)
 ParOldGen       total 75776K, used 14724K [0x0000000085000000, 0x0000000089a00000, 0x00000000d7000000)
  object space 75776K, 19% used [0x0000000085000000,0x0000000085e61330,0x0000000089a00000)
 Metaspace       used 22931K, capacity 24034K, committed 24192K, reserved 1071104K
  class space    used 3175K, capacity 3422K, committed 3456K, reserved 1048576K
GC Heap History (8 events):
Event: 1,669 GC heap before
{Heap before GC invocations=1 (full 0):
 PSYoungGen      total 36864K, used 31740K [0x00000000d7000000, 0x00000000d9900000, 0x0000000100000000)
  eden space 31744K, 99% used [0x00000000d7000000,0x00000000d8eff3c8,0x00000000d8f00000)
  from space 5120K, 0% used [0x00000000d9400000,0x00000000d9400000,0x00000000d9900000)
  to   space 5120K, 0% used [0x00000000d8f00000,0x00000000d8f00000,0x00000000d9400000)
 ParOldGen       total 84992K, used 16388K [0x0000000085000000, 0x000000008a300000, 0x00000000d7000000)
  object space 84992K, 19% used [0x0000000085000000,0x0000000086001248,0x000000008a300000)
 Metaspace       used 10469K, capacity 10860K, committed 11136K, reserved 1058816K
  class space    used 1206K, capacity 1334K, committed 1408K, reserved 1048576K
Event: 1,680 GC heap after
Heap after GC invocations=1 (full 0):
 PSYoungGen      total 36864K, used 5102K [0x00000000d7000000, 0x00000000d9900000, 0x0000000100000000)
  eden space 31744K, 0% used [0x00000000d7000000,0x00000000d7000000,0x00000000d8f00000)
  from space 5120K, 99% used [0x00000000d8f00000,0x00000000d93fb9c0,0x00000000d9400000)
  to   space 5120K, 0% used [0x00000000d9400000,0x00000000d9400000,0x00000000d9900000)
 ParOldGen       total 84992K, used 22065K [0x0000000085000000, 0x000000008a300000, 0x00000000d7000000)
  object space 84992K, 25% used [0x0000000085000000,0x000000008658c7a0,0x000000008a300000)
 Metaspace       used 10469K, capacity 10860K, committed 11136K, reserved 1058816K
  class space    used 1206K, capacity 1334K, committed 1408K, reserved 1048576K
}
Event: 5,472 GC heap before
{Heap before GC invocations=2 (full 0):
 PSYoungGen      total 36864K, used 36846K [0x00000000d7000000, 0x00000000d9900000, 0x0000000100000000)
  eden space 31744K, 100% used [0x00000000d7000000,0x00000000d8f00000,0x00000000d8f00000)
  from space 5120K, 99% used [0x00000000d8f00000,0x00000000d93fb9c0,0x00000000d9400000)
  to   space 5120K, 0% used [0x00000000d9400000,0x00000000d9400000,0x00000000d9900000)
 ParOldGen       total 84992K, used 22065K [0x0000000085000000, 0x000000008a300000, 0x00000000d7000000)
  object space 84992K, 25% used [0x0000000085000000,0x000000008658c7a0,0x000000008a300000)
 Metaspace       used 19432K, capacity 20350K, committed 20480K, reserved 1067008K
  class space    used 2578K, capacity 2797K, committed 2816K, reserved 1048576K
Event: 5,488 GC heap after
Heap after GC invocations=2 (full 0):
 PSYoungGen      total 36864K, used 5118K [0x00000000d7000000, 0x00000000d9900000, 0x0000000100000000)
  eden space 31744K, 0% used [0x00000000d7000000,0x00000000d7000000,0x00000000d8f00000)
  from space 5120K, 99% used [0x00000000d9400000,0x00000000d98ff9c8,0x00000000d9900000)
  to   space 5120K, 0% used [0x00000000d8f00000,0x00000000d8f00000,0x00000000d9400000)
 ParOldGen       total 84992K, used 27376K [0x0000000085000000, 0x000000008a300000, 0x00000000d7000000)
  object space 84992K, 32% used [0x0000000085000000,0x0000000086abc340,0x000000008a300000)
 Metaspace       used 19432K, capacity 20350K, committed 20480K, reserved 1067008K
  class space    used 2578K, capacity 2797K, committed 2816K, reserved 1048576K
}
Event: 8,063 GC heap before
{Heap before GC invocations=3 (full 0):
 PSYoungGen      total 36864K, used 12534K [0x00000000d7000000, 0x00000000d9900000, 0x0000000100000000)
  eden space 31744K, 23% used [0x00000000d7000000,0x00000000d773de80,0x00000000d8f00000)
  from space 5120K, 99% used [0x00000000d9400000,0x00000000d98ff9c8,0x00000000d9900000)
  to   space 5120K, 0% used [0x00000000d8f00000,0x00000000d8f00000,0x00000000d9400000)
 ParOldGen       total 84992K, used 27376K [0x0000000085000000, 0x000000008a300000, 0x00000000d7000000)
  object space 84992K, 32% used [0x0000000085000000,0x0000000086abc340,0x000000008a300000)
 Metaspace       used 20294K, capacity 21150K, committed 21248K, reserved 1067008K
  class space    used 2785K, capacity 3011K, committed 3072K, reserved 1048576K
Event: 8,070 GC heap after
Heap after GC invocations=3 (full 0):
 PSYoungGen      total 36864K, used 5118K [0x00000000d7000000, 0x00000000d9900000, 0x0000000100000000)
  eden space 31744K, 0% used [0x00000000d7000000,0x00000000d7000000,0x00000000d8f00000)
  from space 5120K, 99% used [0x00000000d8f00000,0x00000000d93ffa08,0x00000000d9400000)
  to   space 5120K, 0% used [0x00000000d9400000,0x00000000d9400000,0x00000000d9900000)
 ParOldGen       total 84992K, used 27709K [0x0000000085000000, 0x000000008a300000, 0x00000000d7000000)
  object space 84992K, 32% used [0x0000000085000000,0x0000000086b0f4f8,0x000000008a300000)
 Metaspace       used 20294K, capacity 21150K, committed 21248K, reserved 1067008K
  class space    used 2785K, capacity 3011K, committed 3072K, reserved 1048576K
}
Event: 8,070 GC heap before
{Heap before GC invocations=4 (full 1):
 PSYoungGen      total 36864K, used 5118K [0x00000000d7000000, 0x00000000d9900000, 0x0000000100000000)
  eden space 31744K, 0% used [0x00000000d7000000,0x00000000d7000000,0x00000000d8f00000)
  from space 5120K, 99% used [0x00000000d8f00000,0x00000000d93ffa08,0x00000000d9400000)
  to   space 5120K, 0% used [0x00000000d9400000,0x00000000d9400000,0x00000000d9900000)
 ParOldGen       total 84992K, used 27709K [0x0000000085000000, 0x000000008a300000, 0x00000000d7000000)
  object space 84992K, 32% used [0x0000000085000000,0x0000000086b0f4f8,0x000000008a300000)
 Metaspace       used 20294K, capacity 21150K, committed 21248K, reserved 1067008K
  class space    used 2785K, capacity 3011K, committed 3072K, reserved 1048576K
Event: 8,123 GC heap after
Heap after GC invocations=4 (full 1):
 PSYoungGen      total 36864K, used 0K [0x00000000d7000000, 0x00000000d9900000, 0x0000000100000000)
  eden space 31744K, 0% used [0x00000000d7000000,0x00000000d7000000,0x00000000d8f00000)
  from space 5120K, 0% used [0x00000000d8f00000,0x00000000d8f00000,0x00000000d9400000)
  to   space 5120K, 0% used [0x00000000d9400000,0x00000000d9400000,0x00000000d9900000)
 ParOldGen       total 75776K, used 14724K [0x0000000085000000, 0x0000000089a00000, 0x00000000d7000000)
  object space 75776K, 19% used [0x0000000085000000,0x0000000085e61330,0x0000000089a00000)
 Metaspace       used 20291K, capacity 21146K, committed 21248K, reserved 1067008K
  class space    used 2784K, capacity 3009K, committed 3072K, reserved 1048576K
}

