# JRE version: Java(TM) SE Runtime Environment (8.0_92-b14) (build 1.8.0_92-b14)
# Java VM: Java HotSpot(TM) 64-Bit Server VM (25.92-b14 mixed mode windows-amd64 compressed oops)
Heap:
 PSYoungGen      total 44032K, used 13447K [0x00000000d5f00000, 0x00000000d9000000, 0x0000000100000000)
  eden space 38912K, 21% used [0x00000000d5f00000,0x00000000d67284d8,0x00000000d8500000)
  from space 5120K, 99% used [0x00000000d8b00000,0x00000000d8ff97a0,0x00000000d9000000)
  to   space 5120K, 0% used [0x00000000d8600000,0x00000000d8600000,0x00000000d8b00000)
 ParOldGen       total 76288K, used 20997K [0x0000000081c00000, 0x0000000086680000, 0x00000000d5f00000)
  object space 76288K, 27% used [0x0000000081c00000,0x0000000083081548,0x0000000086680000)
 Metaspace       used 31257K, capacity 32464K, committed 32768K, reserved 1077248K
  class space    used 4241K, capacity 4521K, committed 4608K, reserved 1048576K
GC Heap History (10 events):
Event: 2.084 GC heap before
{Heap before GC invocations=1 (full 0):
 PSYoungGen      total 38400K, used 33280K [0x00000000d5f00000, 0x00000000d8980000, 0x0000000100000000)
  eden space 33280K, 100% used [0x00000000d5f00000,0x00000000d7f80000,0x00000000d7f80000)
  from space 5120K, 0% used [0x00000000d8480000,0x00000000d8480000,0x00000000d8980000)
  to   space 5120K, 0% used [0x00000000d7f80000,0x00000000d7f80000,0x00000000d8480000)
 ParOldGen       total 87552K, used 0K [0x0000000081c00000, 0x0000000087180000, 0x00000000d5f00000)
  object space 87552K, 0% used [0x0000000081c00000,0x0000000081c00000,0x0000000087180000)
 Metaspace       used 15509K, capacity 15910K, committed 16128K, reserved 1062912K
  class space    used 2159K, capacity 2299K, committed 2304K, reserved 1048576K
Event: 2.096 GC heap after
Heap after GC invocations=1 (full 0):
 PSYoungGen      total 38400K, used 5101K [0x00000000d5f00000, 0x00000000d8980000, 0x0000000100000000)
  eden space 33280K, 0% used [0x00000000d5f00000,0x00000000d5f00000,0x00000000d7f80000)
  from space 5120K, 99% used [0x00000000d7f80000,0x00000000d847b4e0,0x00000000d8480000)
  to   space 5120K, 0% used [0x00000000d8480000,0x00000000d8480000,0x00000000d8980000)
 ParOldGen       total 87552K, used 874K [0x0000000081c00000, 0x0000000087180000, 0x00000000d5f00000)
  object space 87552K, 0% used [0x0000000081c00000,0x0000000081cda890,0x0000000087180000)
 Metaspace       used 15509K, capacity 15910K, committed 16128K, reserved 1062912K
  class space    used 2159K, capacity 2299K, committed 2304K, reserved 1048576K
}
Event: 4.464 GC heap before
{Heap before GC invocations=2 (full 0):
 PSYoungGen      total 38400K, used 31668K [0x00000000d5f00000, 0x00000000d8980000, 0x0000000100000000)
  eden space 33280K, 79% used [0x00000000d5f00000,0x00000000d78f1e48,0x00000000d7f80000)
  from space 5120K, 99% used [0x00000000d7f80000,0x00000000d847b4e0,0x00000000d8480000)
  to   space 5120K, 0% used [0x00000000d8480000,0x00000000d8480000,0x00000000d8980000)
 ParOldGen       total 87552K, used 874K [0x0000000081c00000, 0x0000000087180000, 0x00000000d5f00000)
  object space 87552K, 0% used [0x0000000081c00000,0x0000000081cda890,0x0000000087180000)
 Metaspace       used 20592K, capacity 21196K, committed 21248K, reserved 1067008K
  class space    used 2895K, capacity 3064K, committed 3072K, reserved 1048576K
Event: 4.476 GC heap after
Heap after GC invocations=2 (full 0):
 PSYoungGen      total 38400K, used 5098K [0x00000000d5f00000, 0x00000000d8980000, 0x0000000100000000)
  eden space 33280K, 0% used [0x00000000d5f00000,0x00000000d5f00000,0x00000000d7f80000)
  from space 5120K, 99% used [0x00000000d8480000,0x00000000d897a910,0x00000000d8980000)
  to   space 5120K, 0% used [0x00000000d7f80000,0x00000000d7f80000,0x00000000d8480000)
 ParOldGen       total 87552K, used 6648K [0x0000000081c00000, 0x0000000087180000, 0x00000000d5f00000)
  object space 87552K, 7% used [0x0000000081c00000,0x000000008227e0d8,0x0000000087180000)
 Metaspace       used 20592K, capacity 21196K, committed 21248K, reserved 1067008K
  class space    used 2895K, capacity 3064K, committed 3072K, reserved 1048576K
}
Event: 4.476 GC heap before
{Heap before GC invocations=3 (full 1):
 PSYoungGen      total 38400K, used 5098K [0x00000000d5f00000, 0x00000000d8980000, 0x0000000100000000)
  eden space 33280K, 0% used [0x00000000d5f00000,0x00000000d5f00000,0x00000000d7f80000)
  from space 5120K, 99% used [0x00000000d8480000,0x00000000d897a910,0x00000000d8980000)
  to   space 5120K, 0% used [0x00000000d7f80000,0x00000000d7f80000,0x00000000d8480000)
 ParOldGen       total 87552K, used 6648K [0x0000000081c00000, 0x0000000087180000, 0x00000000d5f00000)
  object space 87552K, 7% used [0x0000000081c00000,0x000000008227e0d8,0x0000000087180000)
 Metaspace       used 20592K, capacity 21196K, committed 21248K, reserved 1067008K
  class space    used 2895K, capacity 3064K, committed 3072K, reserved 1048576K
Event: 4.546 GC heap after
Heap after GC invocations=3 (full 1):
 PSYoungGen      total 38400K, used 0K [0x00000000d5f00000, 0x00000000d8980000, 0x0000000100000000)
  eden space 33280K, 0% used [0x00000000d5f00000,0x00000000d5f00000,0x00000000d7f80000)
  from space 5120K, 0% used [0x00000000d8480000,0x00000000d8480000,0x00000000d8980000)
  to   space 5120K, 0% used [0x00000000d7f80000,0x00000000d7f80000,0x00000000d8480000)
 ParOldGen       total 76288K, used 10780K [0x0000000081c00000, 0x0000000086680000, 0x00000000d5f00000)
  object space 76288K, 14% used [0x0000000081c00000,0x0000000082687080,0x0000000086680000)
 Metaspace       used 20587K, capacity 21178K, committed 21248K, reserved 1067008K
  class space    used 2893K, capacity 3061K, committed 3072K, reserved 1048576K
}
Event: 19.680 GC heap before
{Heap before GC invocations=4 (full 1):
 PSYoungGen      total 38400K, used 33280K [0x00000000d5f00000, 0x00000000d8980000, 0x0000000100000000)
  eden space 33280K, 100% used [0x00000000d5f00000,0x00000000d7f80000,0x00000000d7f80000)
  from space 5120K, 0% used [0x00000000d8480000,0x00000000d8480000,0x00000000d8980000)
  to   space 5120K, 0% used [0x00000000d7f80000,0x00000000d7f80000,0x00000000d8480000)
 ParOldGen       total 76288K, used 10780K [0x0000000081c00000, 0x0000000086680000, 0x00000000d5f00000)
  object space 76288K, 14% used [0x0000000081c00000,0x0000000082687080,0x0000000086680000)
 Metaspace       used 27305K, capacity 28160K, committed 28416K, reserved 1073152K
  class space    used 3791K, capacity 4019K, committed 4096K, reserved 1048576K
Event: 19.688 GC heap after
Heap after GC invocations=4 (full 1):
 PSYoungGen      total 38400K, used 5108K [0x00000000d5f00000, 0x00000000d9000000, 0x0000000100000000)
  eden space 33280K, 0% used [0x00000000d5f00000,0x00000000d5f00000,0x00000000d7f80000)
  from space 5120K, 99% used [0x00000000d7f80000,0x00000000d847d030,0x00000000d8480000)
  to   space 5120K, 0% used [0x00000000d8b00000,0x00000000d8b00000,0x00000000d9000000)
 ParOldGen       total 76288K, used 13807K [0x0000000081c00000, 0x0000000086680000, 0x00000000d5f00000)
  object space 76288K, 18% used [0x0000000081c00000,0x000000008297bfb8,0x0000000086680000)
 Metaspace       used 27305K, capacity 28160K, committed 28416K, reserved 1073152K
  class space    used 3791K, capacity 4019K, committed 4096K, reserved 1048576K
}
Event: 37.929 GC heap before
{Heap before GC invocations=5 (full 1):
 PSYoungGen      total 38400K, used 38388K [0x00000000d5f00000, 0x00000000d9000000, 0x0000000100000000)
  eden space 33280K, 100% used [0x00000000d5f00000,0x00000000d7f80000,0x00000000d7f80000)
  from space 5120K, 99% used [0x00000000d7f80000,0x00000000d847d030,0x00000000d8480000)
  to   space 5120K, 0% used [0x00000000d8b00000,0x00000000d8b00000,0x00000000d9000000)
 ParOldGen       total 76288K, used 13807K [0x0000000081c00000, 0x0000000086680000, 0x00000000d5f00000)
  object space 76288K, 18% used [0x0000000081c00000,0x000000008297bfb8,0x0000000086680000)
 Metaspace       used 30594K, capacity 31728K, committed 31872K, reserved 1077248K
  class space    used 4171K, capacity 4439K, committed 4480K, reserved 1048576K
Event: 37.940 GC heap after
Heap after GC invocations=5 (full 1):
 PSYoungGen      total 44032K, used 5093K [0x00000000d5f00000, 0x00000000d9000000, 0x0000000100000000)
  eden space 38912K, 0% used [0x00000000d5f00000,0x00000000d5f00000,0x00000000d8500000)
  from space 5120K, 99% used [0x00000000d8b00000,0x00000000d8ff97a0,0x00000000d9000000)
  to   space 5120K, 0% used [0x00000000d8600000,0x00000000d8600000,0x00000000d8b00000)
 ParOldGen       total 76288K, used 20997K [0x0000000081c00000, 0x0000000086680000, 0x00000000d5f00000)
  object space 76288K, 27% used [0x0000000081c00000,0x0000000083081548,0x0000000086680000)
 Metaspace       used 30594K, capacity 31728K, committed 31872K, reserved 1077248K
  class space    used 4171K, capacity 4439K, committed 4480K, reserved 1048576K
}

